LINE ADDR CONTENTS SOURCE LINE
  1.              	.EQU @,$000
  2.              	.EQU KEYBOARD_STATUS, $000
  3.              	.EQU KEYBOARD_DATA, $001
  4.  000 010000  	LDX# $000
  5.  001 702000  POLL_KEYBD:	INB KEYBOARD_STATUS
  6.  002 4B2001  	JGE POLL_KEYBD
  7.  003 702001  	INB KEYBOARD_DATA
  8.  004 044D00  	STA+ $D00
  9.  005 110001  	ADX# $001
 10.  006 402001  	JMP POLL_KEYBD
 11.  007 FFFFFF  	HLT
 12.  008 676574  CHR:	.CHAR 'get pwned'
      009 207077
      00A 6E6564
 13.  00B 000009  CHR_LEN:	.WORD 9
 14.              	.END

                     SYMBOL TABLE CONTENTS

000008 = CHR             00000B = CHR_LEN         000001 = KEYBOARD_DATA   
000000 = KEYBOARD_STATUS 000001 = POLL_KEYBD      